[2025-10-18 22:00:31,019] INFO [QuorumController id=1] In the last 60000 ms period, 324 controller events were completed, which took an average of 9.75 ms each. The slowest event was writeNoOpRecord(1870660559), which took 25.89 ms. (org.apache.kafka.controller.EventPerformanceMonitor)
[2025-10-18 22:01:31,025] INFO [QuorumController id=1] In the last 60000 ms period, 325 controller events were completed, which took an average of 10.16 ms each. The slowest event was writeNoOpRecord(38642164), which took 25.84 ms. (org.apache.kafka.controller.EventPerformanceMonitor)
[2025-10-18 22:02:30,992] INFO [QuorumController id=1] Periodic task expireDelegationTokens generated 0 records in 102 microseconds. (org.apache.kafka.controller.PeriodicTaskControlManager)
[2025-10-18 22:02:30,997] INFO [QuorumController id=1] Periodic task electPreferred generated 0 records in 52 microseconds. (org.apache.kafka.controller.PeriodicTaskControlManager)
[2025-10-18 22:02:30,997] INFO [QuorumController id=1] Periodic task electUnclean generated 0 records in 18 microseconds. (org.apache.kafka.controller.PeriodicTaskControlManager)
[2025-10-18 22:02:31,026] INFO [QuorumController id=1] In the last 60000 ms period, 327 controller events were completed, which took an average of 9.72 ms each. The slowest event was writeNoOpRecord(807900689), which took 25.85 ms. (org.apache.kafka.controller.EventPerformanceMonitor)
[2025-10-18 22:03:31,026] INFO [QuorumController id=1] In the last 60000 ms period, 324 controller events were completed, which took an average of 9.50 ms each. The slowest event was writeNoOpRecord(93769060), which took 31.02 ms. (org.apache.kafka.controller.EventPerformanceMonitor)
[2025-10-18 22:04:31,027] INFO [QuorumController id=1] In the last 60000 ms period, 325 controller events were completed, which took an average of 9.43 ms each. The slowest event was writeNoOpRecord(195202815), which took 25.93 ms. (org.apache.kafka.controller.EventPerformanceMonitor)
[2025-10-18 22:05:31,027] INFO [QuorumController id=1] In the last 60000 ms period, 324 controller events were completed, which took an average of 9.50 ms each. The slowest event was writeNoOpRecord(1172883362), which took 25.84 ms. (org.apache.kafka.controller.EventPerformanceMonitor)
[2025-10-18 22:06:19,750] INFO [QuorumController id=1] Unfenced broker 1 has requested and been granted a controlled shutdown. (org.apache.kafka.controller.BrokerHeartbeatManager)
[2025-10-18 22:06:19,756] INFO [QuorumController id=1] enterControlledShutdown[1]: changing 68 partition(s) (org.apache.kafka.controller.ReplicationControlManager)
[2025-10-18 22:06:19,758] INFO [QuorumController id=1] Replayed BrokerRegistrationChangeRecord modifying the registration for broker 1: BrokerRegistrationChangeRecord(brokerId=1, brokerEpoch=6831, fenced=0, inControlledShutdown=1, logDirs=[]) (org.apache.kafka.controller.ClusterControlManager)
[2025-10-18 22:06:19,821] INFO [QuorumController id=1] The request from broker 1 to shut down has been granted since the lowest active offset 9223372036854775807 is now greater than the broker's controlled shutdown offset 14626. (org.apache.kafka.controller.BrokerHeartbeatManager)
[2025-10-18 22:06:19,821] INFO [QuorumController id=1] Replayed BrokerRegistrationChangeRecord modifying the registration for broker 1: BrokerRegistrationChangeRecord(brokerId=1, brokerEpoch=6831, fenced=1, inControlledShutdown=0, logDirs=[]) (org.apache.kafka.controller.ClusterControlManager)
[2025-10-18 22:06:20,075] INFO [QuorumController id=1] writeNoOpRecord: event unable to start processing because of RejectedExecutionException (treated as TimeoutException). Exception message: The event queue is shutting down (org.apache.kafka.controller.QuorumController)
[2025-10-18 22:06:20,075] INFO [QuorumController id=1] maybeFenceStaleBroker: event unable to start processing because of RejectedExecutionException (treated as TimeoutException). Exception message: The event queue is shutting down (org.apache.kafka.controller.QuorumController)
[2025-10-18 22:06:20,075] INFO [QuorumController id=1] generatePeriodicPerformanceMessage: event unable to start processing because of RejectedExecutionException (treated as TimeoutException). Exception message: The event queue is shutting down (org.apache.kafka.controller.QuorumController)
[2025-10-18 22:06:20,075] INFO [QuorumController id=1] electPreferred: event unable to start processing because of RejectedExecutionException (treated as TimeoutException). Exception message: The event queue is shutting down (org.apache.kafka.controller.QuorumController)
[2025-10-18 22:06:20,075] INFO [QuorumController id=1] electUnclean: event unable to start processing because of RejectedExecutionException (treated as TimeoutException). Exception message: The event queue is shutting down (org.apache.kafka.controller.QuorumController)
[2025-10-18 22:06:20,075] INFO [QuorumController id=1] expireDelegationTokens: event unable to start processing because of RejectedExecutionException (treated as TimeoutException). Exception message: The event queue is shutting down (org.apache.kafka.controller.QuorumController)
