[2025-10-18 22:02:31,204] INFO [SnapshotGenerator id=1] Creating new KRaft snapshot file snapshot 00000000000000014101-0000000002 because we have waited at least 60 minute(s). (org.apache.kafka.image.publisher.SnapshotGenerator)
[2025-10-18 22:02:31,224] INFO [SnapshotEmitter id=1] Successfully wrote snapshot 00000000000000014101-0000000002 (org.apache.kafka.image.publisher.SnapshotEmitter)
[2025-10-18 22:06:19,745] INFO Terminating process due to signal SIGINT (org.apache.kafka.common.utils.LoggingSignalHandler)
[2025-10-18 22:06:19,747] INFO [BrokerServer id=1] Transition from STARTED to SHUTTING_DOWN (kafka.server.BrokerServer)
[2025-10-18 22:06:19,748] INFO [BrokerServer id=1] shutting down (kafka.server.BrokerServer)
[2025-10-18 22:06:19,749] INFO [BrokerLifecycleManager id=1] Beginning controlled shutdown. (kafka.server.BrokerLifecycleManager)
[2025-10-18 22:06:19,770] INFO [BrokerLifecycleManager id=1] The broker is in PENDING_CONTROLLED_SHUTDOWN state, still waiting for the active controller. (kafka.server.BrokerLifecycleManager)
[2025-10-18 22:06:19,778] INFO [ReplicaFetcherManager on broker 1] Removed fetcher for partitions HashSet(__consumer_offsets-30, __consumer_offsets-35, topic_all_receive_test-1, __consumer_offsets-37, topic_every_receive_test-0, __consumer_offsets-38, receive-0, quickstart-events-2, failure-topic-0, __consumer_offsets-22, receive-1, __consumer_offsets-8, __consumer_offsets-21, topic_every_receive_test-1, receive_test-0, __consumer_offsets-4, __consumer_offsets-27, __consumer_offsets-7, __consumer_offsets-9, __consumer_offsets-46, quickstart-events-0, __consumer_offsets-25, __consumer_offsets-41, __consumer_offsets-33, __consumer_offsets-23, __consumer_offsets-49, topic_every_receive_test-2, topic_all_receive_test-0, __consumer_offsets-47, __consumer_offsets-16, receive-2, __consumer_offsets-28, __consumer_offsets-31, __consumer_offsets-36, __consumer_offsets-42, __consumer_offsets-3, __consumer_offsets-18, __consumer_offsets-15, __consumer_offsets-24, __consumer_offsets-17, quickstart-events-1, __consumer_offsets-48, __consumer_offsets-19, __consumer_offsets-11, success-topic-0, __consumer_offsets-13, __consumer_offsets-2, __consumer_offsets-43, __consumer_offsets-6, __consumer_offsets-14, receive_test-1, __consumer_offsets-20, __consumer_offsets-0, __consumer_offsets-44, __consumer_offsets-39, __consumer_offsets-12, topic_all_receive_test-2, __consumer_offsets-45, __consumer_offsets-1, __consumer_offsets-5, __consumer_offsets-26, message-topic-0, __consumer_offsets-29, __consumer_offsets-34, receive_test-2, __consumer_offsets-10, __consumer_offsets-32, __consumer_offsets-40) (kafka.server.ReplicaFetcherManager)
[2025-10-18 22:06:19,779] INFO [ReplicaAlterLogDirsManager on broker 1] Removed fetcher for partitions HashSet(__consumer_offsets-30, __consumer_offsets-35, topic_all_receive_test-1, __consumer_offsets-37, topic_every_receive_test-0, __consumer_offsets-38, receive-0, quickstart-events-2, failure-topic-0, __consumer_offsets-22, receive-1, __consumer_offsets-8, __consumer_offsets-21, topic_every_receive_test-1, receive_test-0, __consumer_offsets-4, __consumer_offsets-27, __consumer_offsets-7, __consumer_offsets-9, __consumer_offsets-46, quickstart-events-0, __consumer_offsets-25, __consumer_offsets-41, __consumer_offsets-33, __consumer_offsets-23, __consumer_offsets-49, topic_every_receive_test-2, topic_all_receive_test-0, __consumer_offsets-47, __consumer_offsets-16, receive-2, __consumer_offsets-28, __consumer_offsets-31, __consumer_offsets-36, __consumer_offsets-42, __consumer_offsets-3, __consumer_offsets-18, __consumer_offsets-15, __consumer_offsets-24, __consumer_offsets-17, quickstart-events-1, __consumer_offsets-48, __consumer_offsets-19, __consumer_offsets-11, success-topic-0, __consumer_offsets-13, __consumer_offsets-2, __consumer_offsets-43, __consumer_offsets-6, __consumer_offsets-14, receive_test-1, __consumer_offsets-20, __consumer_offsets-0, __consumer_offsets-44, __consumer_offsets-39, __consumer_offsets-12, topic_all_receive_test-2, __consumer_offsets-45, __consumer_offsets-1, __consumer_offsets-5, __consumer_offsets-26, message-topic-0, __consumer_offsets-29, __consumer_offsets-34, receive_test-2, __consumer_offsets-10, __consumer_offsets-32, __consumer_offsets-40) (kafka.server.ReplicaAlterLogDirsManager)
[2025-10-18 22:06:19,781] INFO [GroupCoordinator id=1] Scheduling unloading of metadata for __consumer_offsets-13 with epoch OptionalInt[3] (org.apache.kafka.coordinator.common.runtime.CoordinatorRuntime)
[2025-10-18 22:06:19,781] INFO [GroupCoordinator id=1] Scheduling unloading of metadata for __consumer_offsets-46 with epoch OptionalInt[3] (org.apache.kafka.coordinator.common.runtime.CoordinatorRuntime)
[2025-10-18 22:06:19,781] INFO [GroupCoordinator id=1] Scheduling unloading of metadata for __consumer_offsets-9 with epoch OptionalInt[3] (org.apache.kafka.coordinator.common.runtime.CoordinatorRuntime)
[2025-10-18 22:06:19,781] INFO [GroupCoordinator id=1] Scheduling unloading of metadata for __consumer_offsets-42 with epoch OptionalInt[3] (org.apache.kafka.coordinator.common.runtime.CoordinatorRuntime)
[2025-10-18 22:06:19,781] INFO [GroupCoordinator id=1] Started unloading metadata for __consumer_offsets-13 with epoch OptionalInt[3]. (org.apache.kafka.coordinator.common.runtime.CoordinatorRuntime)
[2025-10-18 22:06:19,781] INFO [GroupCoordinator id=1] Scheduling unloading of metadata for __consumer_offsets-21 with epoch OptionalInt[3] (org.apache.kafka.coordinator.common.runtime.CoordinatorRuntime)
[2025-10-18 22:06:19,781] INFO [GroupCoordinator id=1] Started unloading metadata for __consumer_offsets-9 with epoch OptionalInt[3]. (org.apache.kafka.coordinator.common.runtime.CoordinatorRuntime)
[2025-10-18 22:06:19,781] INFO [GroupCoordinator id=1] Scheduling unloading of metadata for __consumer_offsets-17 with epoch OptionalInt[3] (org.apache.kafka.coordinator.common.runtime.CoordinatorRuntime)
[2025-10-18 22:06:19,781] INFO [GroupCoordinator id=1] Started unloading metadata for __consumer_offsets-46 with epoch OptionalInt[3]. (org.apache.kafka.coordinator.common.runtime.CoordinatorRuntime)
[2025-10-18 22:06:19,781] INFO [GroupCoordinator id=1] Started unloading metadata for __consumer_offsets-42 with epoch OptionalInt[3]. (org.apache.kafka.coordinator.common.runtime.CoordinatorRuntime)
[2025-10-18 22:06:19,782] INFO [GroupCoordinator id=1] Scheduling unloading of metadata for __consumer_offsets-30 with epoch OptionalInt[3] (org.apache.kafka.coordinator.common.runtime.CoordinatorRuntime)
[2025-10-18 22:06:19,782] INFO [GroupCoordinator id=1] Scheduling unloading of metadata for __consumer_offsets-26 with epoch OptionalInt[3] (org.apache.kafka.coordinator.common.runtime.CoordinatorRuntime)
[2025-10-18 22:06:19,782] INFO [GroupCoordinator id=1] Scheduling unloading of metadata for __consumer_offsets-5 with epoch OptionalInt[3] (org.apache.kafka.coordinator.common.runtime.CoordinatorRuntime)
[2025-10-18 22:06:19,782] INFO [GroupCoordinator id=1] Scheduling unloading of metadata for __consumer_offsets-38 with epoch OptionalInt[3] (org.apache.kafka.coordinator.common.runtime.CoordinatorRuntime)
[2025-10-18 22:06:19,782] INFO [GroupCoordinator id=1] Scheduling unloading of metadata for __consumer_offsets-1 with epoch OptionalInt[3] (org.apache.kafka.coordinator.common.runtime.CoordinatorRuntime)
[2025-10-18 22:06:19,782] INFO [GroupCoordinator id=1] Scheduling unloading of metadata for __consumer_offsets-34 with epoch OptionalInt[3] (org.apache.kafka.coordinator.common.runtime.CoordinatorRuntime)
[2025-10-18 22:06:19,782] INFO [GroupCoordinator id=1] Scheduling unloading of metadata for __consumer_offsets-16 with epoch OptionalInt[3] (org.apache.kafka.coordinator.common.runtime.CoordinatorRuntime)
[2025-10-18 22:06:19,782] INFO [GroupCoordinator id=1] Scheduling unloading of metadata for __consumer_offsets-45 with epoch OptionalInt[3] (org.apache.kafka.coordinator.common.runtime.CoordinatorRuntime)
[2025-10-18 22:06:19,782] INFO [GroupCoordinator id=1] Scheduling unloading of metadata for __consumer_offsets-12 with epoch OptionalInt[3] (org.apache.kafka.coordinator.common.runtime.CoordinatorRuntime)
[2025-10-18 22:06:19,782] INFO [GroupCoordinator id=1] Scheduling unloading of metadata for __consumer_offsets-41 with epoch OptionalInt[3] (org.apache.kafka.coordinator.common.runtime.CoordinatorRuntime)
[2025-10-18 22:06:19,782] INFO [GroupCoordinator id=1] Scheduling unloading of metadata for __consumer_offsets-24 with epoch OptionalInt[3] (org.apache.kafka.coordinator.common.runtime.CoordinatorRuntime)
[2025-10-18 22:06:19,782] INFO [GroupCoordinator id=1] Scheduling unloading of metadata for __consumer_offsets-20 with epoch OptionalInt[3] (org.apache.kafka.coordinator.common.runtime.CoordinatorRuntime)
[2025-10-18 22:06:19,782] INFO [GroupCoordinator id=1] Finished unloading metadata for __consumer_offsets-46 with epoch OptionalInt[3]. (org.apache.kafka.coordinator.common.runtime.CoordinatorRuntime)
[2025-10-18 22:06:19,782] INFO [GroupCoordinator id=1] Scheduling unloading of metadata for __consumer_offsets-49 with epoch OptionalInt[3] (org.apache.kafka.coordinator.common.runtime.CoordinatorRuntime)
[2025-10-18 22:06:19,782] INFO [GroupCoordinator id=1] Scheduling unloading of metadata for __consumer_offsets-0 with epoch OptionalInt[3] (org.apache.kafka.coordinator.common.runtime.CoordinatorRuntime)
[2025-10-18 22:06:19,782] INFO [GroupCoordinator id=1] Started unloading metadata for __consumer_offsets-49 with epoch OptionalInt[3]. (org.apache.kafka.coordinator.common.runtime.CoordinatorRuntime)
[2025-10-18 22:06:19,782] INFO [GroupCoordinator id=1] Scheduling unloading of metadata for __consumer_offsets-29 with epoch OptionalInt[3] (org.apache.kafka.coordinator.common.runtime.CoordinatorRuntime)
[2025-10-18 22:06:19,782] INFO [GroupCoordinator id=1] Finished unloading metadata for __consumer_offsets-49 with epoch OptionalInt[3]. (org.apache.kafka.coordinator.common.runtime.CoordinatorRuntime)
[2025-10-18 22:06:19,782] INFO [GroupCoordinator id=1] Scheduling unloading of metadata for __consumer_offsets-25 with epoch OptionalInt[3] (org.apache.kafka.coordinator.common.runtime.CoordinatorRuntime)
[2025-10-18 22:06:19,782] INFO [GroupCoordinator id=1] Started unloading metadata for __consumer_offsets-21 with epoch OptionalInt[3]. (org.apache.kafka.coordinator.common.runtime.CoordinatorRuntime)
[2025-10-18 22:06:19,782] INFO [GroupCoordinator id=1] Scheduling unloading of metadata for __consumer_offsets-8 with epoch OptionalInt[3] (org.apache.kafka.coordinator.common.runtime.CoordinatorRuntime)
[2025-10-18 22:06:19,782] INFO [GroupCoordinator id=1] Finished unloading metadata for __consumer_offsets-21 with epoch OptionalInt[3]. (org.apache.kafka.coordinator.common.runtime.CoordinatorRuntime)
[2025-10-18 22:06:19,782] INFO [GroupCoordinator id=1] Finished unloading metadata for __consumer_offsets-13 with epoch OptionalInt[3]. (org.apache.kafka.coordinator.common.runtime.CoordinatorRuntime)
[2025-10-18 22:06:19,782] INFO [GroupCoordinator id=1] Scheduling unloading of metadata for __consumer_offsets-37 with epoch OptionalInt[3] (org.apache.kafka.coordinator.common.runtime.CoordinatorRuntime)
[2025-10-18 22:06:19,782] INFO [GroupCoordinator id=1] Started unloading metadata for __consumer_offsets-29 with epoch OptionalInt[3]. (org.apache.kafka.coordinator.common.runtime.CoordinatorRuntime)
[2025-10-18 22:06:19,782] INFO [GroupCoordinator id=1] Started unloading metadata for __consumer_offsets-25 with epoch OptionalInt[3]. (org.apache.kafka.coordinator.common.runtime.CoordinatorRuntime)
[2025-10-18 22:06:19,782] INFO [GroupCoordinator id=1] Finished unloading metadata for __consumer_offsets-9 with epoch OptionalInt[3]. (org.apache.kafka.coordinator.common.runtime.CoordinatorRuntime)
[2025-10-18 22:06:19,782] INFO [GroupCoordinator id=1] Finished unloading metadata for __consumer_offsets-42 with epoch OptionalInt[3]. (org.apache.kafka.coordinator.common.runtime.CoordinatorRuntime)
[2025-10-18 22:06:19,782] INFO [GroupCoordinator id=1] Finished unloading metadata for __consumer_offsets-29 with epoch OptionalInt[3]. (org.apache.kafka.coordinator.common.runtime.CoordinatorRuntime)
[2025-10-18 22:06:19,782] INFO [GroupCoordinator id=1] Finished unloading metadata for __consumer_offsets-25 with epoch OptionalInt[3]. (org.apache.kafka.coordinator.common.runtime.CoordinatorRuntime)
[2025-10-18 22:06:19,782] INFO [GroupCoordinator id=1] Scheduling unloading of metadata for __consumer_offsets-4 with epoch OptionalInt[3] (org.apache.kafka.coordinator.common.runtime.CoordinatorRuntime)
[2025-10-18 22:06:19,782] INFO [GroupCoordinator id=1] Started unloading metadata for __consumer_offsets-5 with epoch OptionalInt[3]. (org.apache.kafka.coordinator.common.runtime.CoordinatorRuntime)
[2025-10-18 22:06:19,782] INFO [GroupCoordinator id=1] Started unloading metadata for __consumer_offsets-8 with epoch OptionalInt[3]. (org.apache.kafka.coordinator.common.runtime.CoordinatorRuntime)
[2025-10-18 22:06:19,782] INFO [GroupCoordinator id=1] Started unloading metadata for __consumer_offsets-0 with epoch OptionalInt[3]. (org.apache.kafka.coordinator.common.runtime.CoordinatorRuntime)
[2025-10-18 22:06:19,782] INFO [GroupCoordinator id=1] Scheduling unloading of metadata for __consumer_offsets-33 with epoch OptionalInt[3] (org.apache.kafka.coordinator.common.runtime.CoordinatorRuntime)
[2025-10-18 22:06:19,782] INFO [GroupCoordinator id=1] Started unloading metadata for __consumer_offsets-38 with epoch OptionalInt[3]. (org.apache.kafka.coordinator.common.runtime.CoordinatorRuntime)
[2025-10-18 22:06:19,782] INFO [GroupCoordinator id=1] Finished unloading metadata for __consumer_offsets-8 with epoch OptionalInt[3]. (org.apache.kafka.coordinator.common.runtime.CoordinatorRuntime)
[2025-10-18 22:06:19,782] INFO [GroupCoordinator id=1] Scheduling unloading of metadata for __consumer_offsets-15 with epoch OptionalInt[3] (org.apache.kafka.coordinator.common.runtime.CoordinatorRuntime)
[2025-10-18 22:06:19,782] INFO [GroupCoordinator id=1] Finished unloading metadata for __consumer_offsets-38 with epoch OptionalInt[3]. (org.apache.kafka.coordinator.common.runtime.CoordinatorRuntime)
[2025-10-18 22:06:19,782] INFO [GroupCoordinator id=1] Started unloading metadata for __consumer_offsets-34 with epoch OptionalInt[3]. (org.apache.kafka.coordinator.common.runtime.CoordinatorRuntime)
[2025-10-18 22:06:19,782] INFO [GroupCoordinator id=1] Scheduling unloading of metadata for __consumer_offsets-48 with epoch OptionalInt[3] (org.apache.kafka.coordinator.common.runtime.CoordinatorRuntime)
[2025-10-18 22:06:19,782] INFO [GroupCoordinator id=1] Finished unloading metadata for __consumer_offsets-0 with epoch OptionalInt[3]. (org.apache.kafka.coordinator.common.runtime.CoordinatorRuntime)
[2025-10-18 22:06:19,782] INFO [GroupCoordinator id=1] Finished unloading metadata for __consumer_offsets-5 with epoch OptionalInt[3]. (org.apache.kafka.coordinator.common.runtime.CoordinatorRuntime)
[2025-10-18 22:06:19,782] INFO [GroupCoordinator id=1] Finished unloading metadata for __consumer_offsets-34 with epoch OptionalInt[3]. (org.apache.kafka.coordinator.common.runtime.CoordinatorRuntime)
[2025-10-18 22:06:19,782] INFO [GroupCoordinator id=1] Scheduling unloading of metadata for __consumer_offsets-11 with epoch OptionalInt[3] (org.apache.kafka.coordinator.common.runtime.CoordinatorRuntime)
[2025-10-18 22:06:19,782] INFO [GroupCoordinator id=1] Started unloading metadata for __consumer_offsets-16 with epoch OptionalInt[3]. (org.apache.kafka.coordinator.common.runtime.CoordinatorRuntime)
[2025-10-18 22:06:19,782] INFO [GroupCoordinator id=1] Started unloading metadata for __consumer_offsets-1 with epoch OptionalInt[3]. (org.apache.kafka.coordinator.common.runtime.CoordinatorRuntime)
[2025-10-18 22:06:19,782] INFO [GroupCoordinator id=1] Scheduling unloading of metadata for __consumer_offsets-44 with epoch OptionalInt[3] (org.apache.kafka.coordinator.common.runtime.CoordinatorRuntime)
[2025-10-18 22:06:19,782] INFO [GroupCoordinator id=1] Started unloading metadata for __consumer_offsets-20 with epoch OptionalInt[3]. (org.apache.kafka.coordinator.common.runtime.CoordinatorRuntime)
[2025-10-18 22:06:19,783] INFO [GroupCoordinator id=1] Started unloading metadata for __consumer_offsets-17 with epoch OptionalInt[3]. (org.apache.kafka.coordinator.common.runtime.CoordinatorRuntime)
[2025-10-18 22:06:19,783] INFO [GroupCoordinator id=1] Scheduling unloading of metadata for __consumer_offsets-23 with epoch OptionalInt[3] (org.apache.kafka.coordinator.common.runtime.CoordinatorRuntime)
[2025-10-18 22:06:19,783] INFO [GroupCoordinator id=1] Finished unloading metadata for __consumer_offsets-16 with epoch OptionalInt[3]. (org.apache.kafka.coordinator.common.runtime.CoordinatorRuntime)
[2025-10-18 22:06:19,783] INFO [GroupCoordinator id=1] Finished unloading metadata for __consumer_offsets-20 with epoch OptionalInt[3]. (org.apache.kafka.coordinator.common.runtime.CoordinatorRuntime)
[2025-10-18 22:06:19,783] INFO [GroupCoordinator id=1] Finished unloading metadata for __consumer_offsets-1 with epoch OptionalInt[3]. (org.apache.kafka.coordinator.common.runtime.CoordinatorRuntime)
[2025-10-18 22:06:19,783] INFO [GroupCoordinator id=1] Scheduling unloading of metadata for __consumer_offsets-19 with epoch OptionalInt[3] (org.apache.kafka.coordinator.common.runtime.CoordinatorRuntime)
[2025-10-18 22:06:19,783] INFO [GroupCoordinator id=1] Started unloading metadata for __consumer_offsets-48 with epoch OptionalInt[3]. (org.apache.kafka.coordinator.common.runtime.CoordinatorRuntime)
[2025-10-18 22:06:19,783] INFO [GroupCoordinator id=1] Finished unloading metadata for __consumer_offsets-17 with epoch OptionalInt[3]. (org.apache.kafka.coordinator.common.runtime.CoordinatorRuntime)
[2025-10-18 22:06:19,783] INFO [GroupCoordinator id=1] Started unloading metadata for __consumer_offsets-26 with epoch OptionalInt[3]. (org.apache.kafka.coordinator.common.runtime.CoordinatorRuntime)
[2025-10-18 22:06:19,783] INFO [GroupCoordinator id=1] Started unloading metadata for __consumer_offsets-23 with epoch OptionalInt[3]. (org.apache.kafka.coordinator.common.runtime.CoordinatorRuntime)
[2025-10-18 22:06:19,783] INFO [GroupCoordinator id=1] Scheduling unloading of metadata for __consumer_offsets-32 with epoch OptionalInt[3] (org.apache.kafka.coordinator.common.runtime.CoordinatorRuntime)
[2025-10-18 22:06:19,783] INFO [GroupCoordinator id=1] Started unloading metadata for __consumer_offsets-19 with epoch OptionalInt[3]. (org.apache.kafka.coordinator.common.runtime.CoordinatorRuntime)
[2025-10-18 22:06:19,783] INFO [GroupCoordinator id=1 topic=__consumer_offsets partition=48] [GroupId=receiver-group-one] Unloading group metadata for generation 12. (org.apache.kafka.coordinator.group.GroupMetadataManager)
[2025-10-18 22:06:19,783] INFO [GroupCoordinator id=1] Scheduling unloading of metadata for __consumer_offsets-28 with epoch OptionalInt[3] (org.apache.kafka.coordinator.common.runtime.CoordinatorRuntime)
[2025-10-18 22:06:19,783] INFO [GroupCoordinator id=1] Finished unloading metadata for __consumer_offsets-23 with epoch OptionalInt[3]. (org.apache.kafka.coordinator.common.runtime.CoordinatorRuntime)
[2025-10-18 22:06:19,783] INFO [GroupCoordinator id=1] Finished unloading metadata for __consumer_offsets-19 with epoch OptionalInt[3]. (org.apache.kafka.coordinator.common.runtime.CoordinatorRuntime)
[2025-10-18 22:06:19,783] INFO [GroupCoordinator id=1] Finished unloading metadata for __consumer_offsets-48 with epoch OptionalInt[3]. (org.apache.kafka.coordinator.common.runtime.CoordinatorRuntime)
[2025-10-18 22:06:19,783] INFO [GroupCoordinator id=1] Scheduling unloading of metadata for __consumer_offsets-7 with epoch OptionalInt[3] (org.apache.kafka.coordinator.common.runtime.CoordinatorRuntime)
[2025-10-18 22:06:19,783] INFO [GroupCoordinator id=1] Finished unloading metadata for __consumer_offsets-26 with epoch OptionalInt[3]. (org.apache.kafka.coordinator.common.runtime.CoordinatorRuntime)
[2025-10-18 22:06:19,783] INFO [GroupCoordinator id=1] Started unloading metadata for __consumer_offsets-44 with epoch OptionalInt[3]. (org.apache.kafka.coordinator.common.runtime.CoordinatorRuntime)
[2025-10-18 22:06:19,783] INFO [GroupCoordinator id=1] Started unloading metadata for __consumer_offsets-37 with epoch OptionalInt[3]. (org.apache.kafka.coordinator.common.runtime.CoordinatorRuntime)
[2025-10-18 22:06:19,783] INFO [GroupCoordinator id=1] Started unloading metadata for __consumer_offsets-33 with epoch OptionalInt[3]. (org.apache.kafka.coordinator.common.runtime.CoordinatorRuntime)
[2025-10-18 22:06:19,783] INFO [GroupCoordinator id=1] Started unloading metadata for __consumer_offsets-4 with epoch OptionalInt[3]. (org.apache.kafka.coordinator.common.runtime.CoordinatorRuntime)
[2025-10-18 22:06:19,783] INFO [GroupCoordinator id=1 topic=__consumer_offsets partition=44] [GroupId=receiver-group-three] Unloading group metadata for generation 12. (org.apache.kafka.coordinator.group.GroupMetadataManager)
[2025-10-18 22:06:19,783] INFO [GroupCoordinator id=1] Scheduling unloading of metadata for __consumer_offsets-40 with epoch OptionalInt[3] (org.apache.kafka.coordinator.common.runtime.CoordinatorRuntime)
[2025-10-18 22:06:19,783] INFO [GroupCoordinator id=1] Finished unloading metadata for __consumer_offsets-37 with epoch OptionalInt[3]. (org.apache.kafka.coordinator.common.runtime.CoordinatorRuntime)
[2025-10-18 22:06:19,783] INFO [GroupCoordinator id=1] Finished unloading metadata for __consumer_offsets-44 with epoch OptionalInt[3]. (org.apache.kafka.coordinator.common.runtime.CoordinatorRuntime)
[2025-10-18 22:06:19,783] INFO [GroupCoordinator id=1 topic=__consumer_offsets partition=4] [GroupId=receiver-group-two] Unloading group metadata for generation 8. (org.apache.kafka.coordinator.group.GroupMetadataManager)
[2025-10-18 22:06:19,783] INFO [GroupCoordinator id=1] Scheduling unloading of metadata for __consumer_offsets-3 with epoch OptionalInt[3] (org.apache.kafka.coordinator.common.runtime.CoordinatorRuntime)
[2025-10-18 22:06:19,783] INFO [GroupCoordinator id=1] Started unloading metadata for __consumer_offsets-15 with epoch OptionalInt[3]. (org.apache.kafka.coordinator.common.runtime.CoordinatorRuntime)
[2025-10-18 22:06:19,783] INFO [GroupCoordinator id=1] Started unloading metadata for __consumer_offsets-11 with epoch OptionalInt[3]. (org.apache.kafka.coordinator.common.runtime.CoordinatorRuntime)
[2025-10-18 22:06:19,783] INFO [GroupCoordinator id=1] Finished unloading metadata for __consumer_offsets-33 with epoch OptionalInt[3]. (org.apache.kafka.coordinator.common.runtime.CoordinatorRuntime)
[2025-10-18 22:06:19,783] INFO [GroupCoordinator id=1] Scheduling unloading of metadata for __consumer_offsets-36 with epoch OptionalInt[3] (org.apache.kafka.coordinator.common.runtime.CoordinatorRuntime)
[2025-10-18 22:06:19,783] INFO [GroupCoordinator id=1] Finished unloading metadata for __consumer_offsets-4 with epoch OptionalInt[3]. (org.apache.kafka.coordinator.common.runtime.CoordinatorRuntime)
[2025-10-18 22:06:19,783] INFO [GroupCoordinator id=1] Finished unloading metadata for __consumer_offsets-15 with epoch OptionalInt[3]. (org.apache.kafka.coordinator.common.runtime.CoordinatorRuntime)
[2025-10-18 22:06:19,783] INFO [GroupCoordinator id=1] Finished unloading metadata for __consumer_offsets-11 with epoch OptionalInt[3]. (org.apache.kafka.coordinator.common.runtime.CoordinatorRuntime)
[2025-10-18 22:06:19,783] INFO [GroupCoordinator id=1] Scheduling unloading of metadata for __consumer_offsets-47 with epoch OptionalInt[3] (org.apache.kafka.coordinator.common.runtime.CoordinatorRuntime)
[2025-10-18 22:06:19,783] INFO [GroupCoordinator id=1] Started unloading metadata for __consumer_offsets-32 with epoch OptionalInt[3]. (org.apache.kafka.coordinator.common.runtime.CoordinatorRuntime)
[2025-10-18 22:06:19,783] INFO [GroupCoordinator id=1] Started unloading metadata for __consumer_offsets-3 with epoch OptionalInt[3]. (org.apache.kafka.coordinator.common.runtime.CoordinatorRuntime)
[2025-10-18 22:06:19,783] INFO [GroupCoordinator id=1] Started unloading metadata for __consumer_offsets-41 with epoch OptionalInt[3]. (org.apache.kafka.coordinator.common.runtime.CoordinatorRuntime)
[2025-10-18 22:06:19,783] INFO [GroupCoordinator id=1] Scheduling unloading of metadata for __consumer_offsets-14 with epoch OptionalInt[3] (org.apache.kafka.coordinator.common.runtime.CoordinatorRuntime)
[2025-10-18 22:06:19,783] INFO [GroupCoordinator id=1] Started unloading metadata for __consumer_offsets-28 with epoch OptionalInt[3]. (org.apache.kafka.coordinator.common.runtime.CoordinatorRuntime)
[2025-10-18 22:06:19,783] INFO [GroupCoordinator id=1] Finished unloading metadata for __consumer_offsets-3 with epoch OptionalInt[3]. (org.apache.kafka.coordinator.common.runtime.CoordinatorRuntime)
[2025-10-18 22:06:19,783] INFO [GroupCoordinator id=1] Finished unloading metadata for __consumer_offsets-32 with epoch OptionalInt[3]. (org.apache.kafka.coordinator.common.runtime.CoordinatorRuntime)
[2025-10-18 22:06:19,783] INFO [GroupCoordinator id=1] Finished unloading metadata for __consumer_offsets-41 with epoch OptionalInt[3]. (org.apache.kafka.coordinator.common.runtime.CoordinatorRuntime)
[2025-10-18 22:06:19,783] INFO [GroupCoordinator id=1] Scheduling unloading of metadata for __consumer_offsets-43 with epoch OptionalInt[3] (org.apache.kafka.coordinator.common.runtime.CoordinatorRuntime)
[2025-10-18 22:06:19,783] INFO [GroupCoordinator id=1] Started unloading metadata for __consumer_offsets-24 with epoch OptionalInt[3]. (org.apache.kafka.coordinator.common.runtime.CoordinatorRuntime)
[2025-10-18 22:06:19,783] INFO [GroupCoordinator id=1] Started unloading metadata for __consumer_offsets-12 with epoch OptionalInt[3]. (org.apache.kafka.coordinator.common.runtime.CoordinatorRuntime)
[2025-10-18 22:06:19,783] INFO [GroupCoordinator id=1] Started unloading metadata for __consumer_offsets-47 with epoch OptionalInt[3]. (org.apache.kafka.coordinator.common.runtime.CoordinatorRuntime)
[2025-10-18 22:06:19,783] INFO [GroupCoordinator id=1] Finished unloading metadata for __consumer_offsets-12 with epoch OptionalInt[3]. (org.apache.kafka.coordinator.common.runtime.CoordinatorRuntime)
[2025-10-18 22:06:19,783] INFO [GroupCoordinator id=1] Scheduling unloading of metadata for __consumer_offsets-10 with epoch OptionalInt[3] (org.apache.kafka.coordinator.common.runtime.CoordinatorRuntime)
[2025-10-18 22:06:19,783] INFO [GroupCoordinator id=1] Finished unloading metadata for __consumer_offsets-28 with epoch OptionalInt[3]. (org.apache.kafka.coordinator.common.runtime.CoordinatorRuntime)
[2025-10-18 22:06:19,783] INFO [GroupCoordinator id=1] Finished unloading metadata for __consumer_offsets-24 with epoch OptionalInt[3]. (org.apache.kafka.coordinator.common.runtime.CoordinatorRuntime)
[2025-10-18 22:06:19,783] INFO [GroupCoordinator id=1] Started unloading metadata for __consumer_offsets-14 with epoch OptionalInt[3]. (org.apache.kafka.coordinator.common.runtime.CoordinatorRuntime)
[2025-10-18 22:06:19,783] INFO [GroupCoordinator id=1 topic=__consumer_offsets partition=47] [GroupId=sender-group] Unloading group metadata for generation 6. (org.apache.kafka.coordinator.group.GroupMetadataManager)
[2025-10-18 22:06:19,783] INFO [GroupCoordinator id=1] Started unloading metadata for __consumer_offsets-36 with epoch OptionalInt[3]. (org.apache.kafka.coordinator.common.runtime.CoordinatorRuntime)
[2025-10-18 22:06:19,783] INFO [GroupCoordinator id=1] Started unloading metadata for __consumer_offsets-40 with epoch OptionalInt[3]. (org.apache.kafka.coordinator.common.runtime.CoordinatorRuntime)
[2025-10-18 22:06:19,783] INFO [GroupCoordinator id=1] Scheduling unloading of metadata for __consumer_offsets-22 with epoch OptionalInt[3] (org.apache.kafka.coordinator.common.runtime.CoordinatorRuntime)
[2025-10-18 22:06:19,783] INFO [GroupCoordinator id=1] Finished unloading metadata for __consumer_offsets-14 with epoch OptionalInt[3]. (org.apache.kafka.coordinator.common.runtime.CoordinatorRuntime)
[2025-10-18 22:06:19,783] INFO [GroupCoordinator id=1] Finished unloading metadata for __consumer_offsets-47 with epoch OptionalInt[3]. (org.apache.kafka.coordinator.common.runtime.CoordinatorRuntime)
[2025-10-18 22:06:19,783] INFO [GroupCoordinator id=1] Scheduling unloading of metadata for __consumer_offsets-18 with epoch OptionalInt[3] (org.apache.kafka.coordinator.common.runtime.CoordinatorRuntime)
[2025-10-18 22:06:19,783] INFO [GroupCoordinator id=1] Finished unloading metadata for __consumer_offsets-36 with epoch OptionalInt[3]. (org.apache.kafka.coordinator.common.runtime.CoordinatorRuntime)
[2025-10-18 22:06:19,783] INFO [GroupCoordinator id=1] Finished unloading metadata for __consumer_offsets-40 with epoch OptionalInt[3]. (org.apache.kafka.coordinator.common.runtime.CoordinatorRuntime)
[2025-10-18 22:06:19,783] INFO [GroupCoordinator id=1] Scheduling unloading of metadata for __consumer_offsets-31 with epoch OptionalInt[3] (org.apache.kafka.coordinator.common.runtime.CoordinatorRuntime)
[2025-10-18 22:06:19,783] INFO [GroupCoordinator id=1] Started unloading metadata for __consumer_offsets-43 with epoch OptionalInt[3]. (org.apache.kafka.coordinator.common.runtime.CoordinatorRuntime)
[2025-10-18 22:06:19,783] INFO [GroupCoordinator id=1] Started unloading metadata for __consumer_offsets-7 with epoch OptionalInt[3]. (org.apache.kafka.coordinator.common.runtime.CoordinatorRuntime)
[2025-10-18 22:06:19,783] INFO [GroupCoordinator id=1] Started unloading metadata for __consumer_offsets-22 with epoch OptionalInt[3]. (org.apache.kafka.coordinator.common.runtime.CoordinatorRuntime)
[2025-10-18 22:06:19,783] INFO [GroupCoordinator id=1] Started unloading metadata for __consumer_offsets-45 with epoch OptionalInt[3]. (org.apache.kafka.coordinator.common.runtime.CoordinatorRuntime)
[2025-10-18 22:06:19,783] INFO [GroupCoordinator id=1] Scheduling unloading of metadata for __consumer_offsets-27 with epoch OptionalInt[3] (org.apache.kafka.coordinator.common.runtime.CoordinatorRuntime)
[2025-10-18 22:06:19,783] INFO [GroupCoordinator id=1] Finished unloading metadata for __consumer_offsets-7 with epoch OptionalInt[3]. (org.apache.kafka.coordinator.common.runtime.CoordinatorRuntime)
[2025-10-18 22:06:19,783] INFO [GroupCoordinator id=1] Scheduling unloading of metadata for __consumer_offsets-39 with epoch OptionalInt[3] (org.apache.kafka.coordinator.common.runtime.CoordinatorRuntime)
[2025-10-18 22:06:19,783] INFO [GroupCoordinator id=1] Finished unloading metadata for __consumer_offsets-43 with epoch OptionalInt[3]. (org.apache.kafka.coordinator.common.runtime.CoordinatorRuntime)
[2025-10-18 22:06:19,783] INFO [GroupCoordinator id=1] Finished unloading metadata for __consumer_offsets-22 with epoch OptionalInt[3]. (org.apache.kafka.coordinator.common.runtime.CoordinatorRuntime)
[2025-10-18 22:06:19,784] INFO [GroupCoordinator id=1] Started unloading metadata for __consumer_offsets-30 with epoch OptionalInt[3]. (org.apache.kafka.coordinator.common.runtime.CoordinatorRuntime)
[2025-10-18 22:06:19,784] INFO [GroupCoordinator id=1] Scheduling unloading of metadata for __consumer_offsets-6 with epoch OptionalInt[3] (org.apache.kafka.coordinator.common.runtime.CoordinatorRuntime)
[2025-10-18 22:06:19,783] INFO [GroupCoordinator id=1] Finished unloading metadata for __consumer_offsets-45 with epoch OptionalInt[3]. (org.apache.kafka.coordinator.common.runtime.CoordinatorRuntime)
[2025-10-18 22:06:19,784] INFO [GroupCoordinator id=1] Started unloading metadata for __consumer_offsets-39 with epoch OptionalInt[3]. (org.apache.kafka.coordinator.common.runtime.CoordinatorRuntime)
[2025-10-18 22:06:19,784] INFO [GroupCoordinator id=1] Started unloading metadata for __consumer_offsets-10 with epoch OptionalInt[3]. (org.apache.kafka.coordinator.common.runtime.CoordinatorRuntime)
[2025-10-18 22:06:19,784] INFO [GroupCoordinator id=1] Finished unloading metadata for __consumer_offsets-30 with epoch OptionalInt[3]. (org.apache.kafka.coordinator.common.runtime.CoordinatorRuntime)
[2025-10-18 22:06:19,784] INFO [GroupCoordinator id=1] Started unloading metadata for __consumer_offsets-27 with epoch OptionalInt[3]. (org.apache.kafka.coordinator.common.runtime.CoordinatorRuntime)
[2025-10-18 22:06:19,784] INFO [GroupCoordinator id=1] Scheduling unloading of metadata for __consumer_offsets-35 with epoch OptionalInt[3] (org.apache.kafka.coordinator.common.runtime.CoordinatorRuntime)
[2025-10-18 22:06:19,784] INFO [GroupCoordinator id=1] Finished unloading metadata for __consumer_offsets-39 with epoch OptionalInt[3]. (org.apache.kafka.coordinator.common.runtime.CoordinatorRuntime)
[2025-10-18 22:06:19,784] INFO [GroupCoordinator id=1] Started unloading metadata for __consumer_offsets-6 with epoch OptionalInt[3]. (org.apache.kafka.coordinator.common.runtime.CoordinatorRuntime)
[2025-10-18 22:06:19,784] INFO [GroupCoordinator id=1] Finished unloading metadata for __consumer_offsets-10 with epoch OptionalInt[3]. (org.apache.kafka.coordinator.common.runtime.CoordinatorRuntime)
[2025-10-18 22:06:19,784] INFO [GroupCoordinator id=1] Scheduling unloading of metadata for __consumer_offsets-2 with epoch OptionalInt[3] (org.apache.kafka.coordinator.common.runtime.CoordinatorRuntime)
[2025-10-18 22:06:19,784] INFO [GroupCoordinator id=1] Finished unloading metadata for __consumer_offsets-27 with epoch OptionalInt[3]. (org.apache.kafka.coordinator.common.runtime.CoordinatorRuntime)
[2025-10-18 22:06:19,784] INFO [GroupCoordinator id=1] Started unloading metadata for __consumer_offsets-31 with epoch OptionalInt[3]. (org.apache.kafka.coordinator.common.runtime.CoordinatorRuntime)
[2025-10-18 22:06:19,784] INFO [GroupCoordinator id=1] Started unloading metadata for __consumer_offsets-35 with epoch OptionalInt[3]. (org.apache.kafka.coordinator.common.runtime.CoordinatorRuntime)
[2025-10-18 22:06:19,784] INFO [GroupCoordinator id=1] Started unloading metadata for __consumer_offsets-18 with epoch OptionalInt[3]. (org.apache.kafka.coordinator.common.runtime.CoordinatorRuntime)
[2025-10-18 22:06:19,784] INFO [GroupCoordinator id=1] Finished unloading metadata for __consumer_offsets-6 with epoch OptionalInt[3]. (org.apache.kafka.coordinator.common.runtime.CoordinatorRuntime)
[2025-10-18 22:06:19,784] INFO [GroupCoordinator id=1] Finished unloading metadata for __consumer_offsets-31 with epoch OptionalInt[3]. (org.apache.kafka.coordinator.common.runtime.CoordinatorRuntime)
[2025-10-18 22:06:19,784] INFO [GroupCoordinator id=1] Finished unloading metadata for __consumer_offsets-35 with epoch OptionalInt[3]. (org.apache.kafka.coordinator.common.runtime.CoordinatorRuntime)
[2025-10-18 22:06:19,784] INFO [GroupCoordinator id=1] Started unloading metadata for __consumer_offsets-2 with epoch OptionalInt[3]. (org.apache.kafka.coordinator.common.runtime.CoordinatorRuntime)
[2025-10-18 22:06:19,784] INFO [GroupCoordinator id=1] Finished unloading metadata for __consumer_offsets-18 with epoch OptionalInt[3]. (org.apache.kafka.coordinator.common.runtime.CoordinatorRuntime)
[2025-10-18 22:06:19,784] INFO [GroupCoordinator id=1] Finished unloading metadata for __consumer_offsets-2 with epoch OptionalInt[3]. (org.apache.kafka.coordinator.common.runtime.CoordinatorRuntime)
[2025-10-18 22:06:19,848] INFO [BrokerLifecycleManager id=1] The controller has asked us to exit controlled shutdown. (kafka.server.BrokerLifecycleManager)
[2025-10-18 22:06:19,848] INFO [BrokerLifecycleManager id=1] beginShutdown: shutting down event queue. (org.apache.kafka.queue.KafkaEventQueue)
[2025-10-18 22:06:19,849] INFO [BrokerLifecycleManager id=1] Transitioning from PENDING_CONTROLLED_SHUTDOWN to SHUTTING_DOWN. (kafka.server.BrokerLifecycleManager)
[2025-10-18 22:06:19,849] INFO [broker-1-to-controller-heartbeat-channel-manager]: Shutting down (kafka.server.NodeToControllerRequestThread)
[2025-10-18 22:06:19,849] INFO [broker-1-to-controller-heartbeat-channel-manager]: Shutdown completed (kafka.server.NodeToControllerRequestThread)
[2025-10-18 22:06:19,849] INFO [broker-1-to-controller-heartbeat-channel-manager]: Stopped (kafka.server.NodeToControllerRequestThread)
[2025-10-18 22:06:19,850] INFO [SocketServer listenerType=BROKER, nodeId=1] Stopping socket server request processors (kafka.network.SocketServer)
[2025-10-18 22:06:19,856] INFO Node to controller channel manager for heartbeat shutdown (kafka.server.NodeToControllerChannelManagerImpl)
[2025-10-18 22:06:19,861] INFO [SocketServer listenerType=BROKER, nodeId=1] Stopped socket server request processors (kafka.network.SocketServer)
[2025-10-18 22:06:19,863] INFO [data-plane Kafka Request Handler on Broker 1] shutting down (kafka.server.KafkaRequestHandlerPool)
[2025-10-18 22:06:19,865] INFO [data-plane Kafka Request Handler on Broker 1] shut down completely (kafka.server.KafkaRequestHandlerPool)
[2025-10-18 22:06:19,866] INFO [ExpirationReaper-1-AlterAcls]: Shutting down (org.apache.kafka.server.purgatory.DelayedOperationPurgatory$ExpiredOperationReaper)
[2025-10-18 22:06:19,866] INFO [ExpirationReaper-1-AlterAcls]: Stopped (org.apache.kafka.server.purgatory.DelayedOperationPurgatory$ExpiredOperationReaper)
[2025-10-18 22:06:19,866] INFO [ExpirationReaper-1-AlterAcls]: Shutdown completed (org.apache.kafka.server.purgatory.DelayedOperationPurgatory$ExpiredOperationReaper)
[2025-10-18 22:06:19,868] INFO [KafkaApi-1] Shutdown complete. (kafka.server.KafkaApis)
[2025-10-18 22:06:19,871] INFO [TransactionCoordinator id=1] Shutting down. (kafka.coordinator.transaction.TransactionCoordinator)
[2025-10-18 22:06:19,872] INFO [Transaction State Manager 1]: Shutdown complete (kafka.coordinator.transaction.TransactionStateManager)
[2025-10-18 22:06:19,872] INFO [TxnMarkerSenderThread-1]: Shutting down (kafka.coordinator.transaction.TransactionMarkerChannelManager)
[2025-10-18 22:06:19,872] INFO [TxnMarkerSenderThread-1]: Shutdown completed (kafka.coordinator.transaction.TransactionMarkerChannelManager)
[2025-10-18 22:06:19,872] INFO [TxnMarkerSenderThread-1]: Stopped (kafka.coordinator.transaction.TransactionMarkerChannelManager)
[2025-10-18 22:06:19,875] INFO [TransactionCoordinator id=1] Shutdown complete. (kafka.coordinator.transaction.TransactionCoordinator)
[2025-10-18 22:06:19,876] INFO [GroupCoordinator id=1] Shutting down. (org.apache.kafka.coordinator.group.GroupCoordinatorService)
[2025-10-18 22:06:19,876] INFO [GroupCoordinator id=1] Closing coordinator runtime. (org.apache.kafka.coordinator.common.runtime.CoordinatorRuntime)
[2025-10-18 22:06:19,876] INFO [group-coordinator-reaper]: Shutting down (org.apache.kafka.server.util.timer.SystemTimerReaper$Reaper)
[2025-10-18 22:06:19,877] INFO [group-coordinator-reaper]: Shutdown completed (org.apache.kafka.server.util.timer.SystemTimerReaper$Reaper)
[2025-10-18 22:06:19,877] INFO [group-coordinator-reaper]: Stopped (org.apache.kafka.server.util.timer.SystemTimerReaper$Reaper)
[2025-10-18 22:06:19,877] INFO [GroupCoordinator id=1] Shutting down event processor. (org.apache.kafka.coordinator.common.runtime.MultiThreadedEventProcessor)
[2025-10-18 22:06:19,877] INFO [group-coordinator-event-processor-3]: Shutting down. Draining the remaining events. (org.apache.kafka.coordinator.common.runtime.MultiThreadedEventProcessor$EventProcessorThread)
[2025-10-18 22:06:19,877] INFO [group-coordinator-event-processor-2]: Shutting down. Draining the remaining events. (org.apache.kafka.coordinator.common.runtime.MultiThreadedEventProcessor$EventProcessorThread)
[2025-10-18 22:06:19,877] INFO [group-coordinator-event-processor-3]: Shutdown completed (org.apache.kafka.coordinator.common.runtime.MultiThreadedEventProcessor$EventProcessorThread)
[2025-10-18 22:06:19,877] INFO [group-coordinator-event-processor-0]: Shutting down. Draining the remaining events. (org.apache.kafka.coordinator.common.runtime.MultiThreadedEventProcessor$EventProcessorThread)
[2025-10-18 22:06:19,877] INFO [group-coordinator-event-processor-0]: Shutdown completed (org.apache.kafka.coordinator.common.runtime.MultiThreadedEventProcessor$EventProcessorThread)
[2025-10-18 22:06:19,877] INFO [group-coordinator-event-processor-2]: Shutdown completed (org.apache.kafka.coordinator.common.runtime.MultiThreadedEventProcessor$EventProcessorThread)
[2025-10-18 22:06:19,877] INFO [group-coordinator-event-processor-1]: Shutting down. Draining the remaining events. (org.apache.kafka.coordinator.common.runtime.MultiThreadedEventProcessor$EventProcessorThread)
[2025-10-18 22:06:19,877] INFO [group-coordinator-event-processor-1]: Shutdown completed (org.apache.kafka.coordinator.common.runtime.MultiThreadedEventProcessor$EventProcessorThread)
[2025-10-18 22:06:19,877] INFO [GroupCoordinator id=1] Event processor closed. (org.apache.kafka.coordinator.common.runtime.MultiThreadedEventProcessor)
[2025-10-18 22:06:19,879] INFO [GroupCoordinator id=1] Coordinator runtime closed. (org.apache.kafka.coordinator.common.runtime.CoordinatorRuntime)
[2025-10-18 22:06:19,881] INFO [GroupCoordinator id=1] Shutdown complete. (org.apache.kafka.coordinator.group.GroupCoordinatorService)
[2025-10-18 22:06:19,881] INFO [ShareCoordinator id=1] Shutting down. (org.apache.kafka.coordinator.share.ShareCoordinatorService)
[2025-10-18 22:06:19,881] INFO [ShareCoordinator id=1] Closing coordinator runtime. (org.apache.kafka.coordinator.common.runtime.CoordinatorRuntime)
[2025-10-18 22:06:19,881] INFO [share-coordinator-reaper]: Shutting down (org.apache.kafka.server.util.timer.SystemTimerReaper$Reaper)
[2025-10-18 22:06:19,881] INFO [share-coordinator-reaper]: Stopped (org.apache.kafka.server.util.timer.SystemTimerReaper$Reaper)
[2025-10-18 22:06:19,881] INFO [share-coordinator-reaper]: Shutdown completed (org.apache.kafka.server.util.timer.SystemTimerReaper$Reaper)
[2025-10-18 22:06:19,881] INFO [ShareCoordinator id=1] Shutting down event processor. (org.apache.kafka.coordinator.common.runtime.MultiThreadedEventProcessor)
[2025-10-18 22:06:19,881] INFO [share-coordinator-event-processor-0]: Shutting down. Draining the remaining events. (org.apache.kafka.coordinator.common.runtime.MultiThreadedEventProcessor$EventProcessorThread)
[2025-10-18 22:06:19,881] INFO [share-coordinator-event-processor-0]: Shutdown completed (org.apache.kafka.coordinator.common.runtime.MultiThreadedEventProcessor$EventProcessorThread)
[2025-10-18 22:06:19,881] INFO [ShareCoordinator id=1] Event processor closed. (org.apache.kafka.coordinator.common.runtime.MultiThreadedEventProcessor)
[2025-10-18 22:06:19,882] INFO [ShareCoordinator id=1] Coordinator runtime closed. (org.apache.kafka.coordinator.common.runtime.CoordinatorRuntime)
[2025-10-18 22:06:19,883] INFO [ShareCoordinator id=1] Shutdown complete. (org.apache.kafka.coordinator.share.ShareCoordinatorService)
[2025-10-18 22:06:19,883] INFO [AssignmentsManager id=1]KafkaEventQueue#close: shutting down event queue. (org.apache.kafka.queue.KafkaEventQueue)
[2025-10-18 22:06:19,883] INFO [AssignmentsManager id=1] shutting down. (org.apache.kafka.server.AssignmentsManager)
[2025-10-18 22:06:19,883] INFO [broker-1-to-controller-directory-assignments-channel-manager]: Shutting down (kafka.server.NodeToControllerRequestThread)
[2025-10-18 22:06:19,883] INFO [broker-1-to-controller-directory-assignments-channel-manager]: Shutdown completed (kafka.server.NodeToControllerRequestThread)
[2025-10-18 22:06:19,883] INFO [broker-1-to-controller-directory-assignments-channel-manager]: Stopped (kafka.server.NodeToControllerRequestThread)
[2025-10-18 22:06:19,884] INFO Node to controller channel manager for directory-assignments shutdown (kafka.server.NodeToControllerChannelManagerImpl)
[2025-10-18 22:06:19,884] INFO [AssignmentsManager id=1]closed event queue. (org.apache.kafka.queue.KafkaEventQueue)
[2025-10-18 22:06:19,884] INFO [ReplicaManager broker=1] Shutting down (kafka.server.ReplicaManager)
[2025-10-18 22:06:19,884] INFO [LogDirFailureHandler]: Shutting down (kafka.server.ReplicaManager$LogDirFailureHandler)
[2025-10-18 22:06:19,884] INFO [LogDirFailureHandler]: Shutdown completed (kafka.server.ReplicaManager$LogDirFailureHandler)
[2025-10-18 22:06:19,884] INFO [LogDirFailureHandler]: Stopped (kafka.server.ReplicaManager$LogDirFailureHandler)
[2025-10-18 22:06:19,885] INFO [ReplicaFetcherManager on broker 1] shutting down (kafka.server.ReplicaFetcherManager)
[2025-10-18 22:06:19,885] INFO [ReplicaFetcherManager on broker 1] shutdown completed (kafka.server.ReplicaFetcherManager)
[2025-10-18 22:06:19,886] INFO [ReplicaAlterLogDirsManager on broker 1] shutting down (kafka.server.ReplicaAlterLogDirsManager)
[2025-10-18 22:06:19,886] INFO [ReplicaAlterLogDirsManager on broker 1] shutdown completed (kafka.server.ReplicaAlterLogDirsManager)
[2025-10-18 22:06:19,886] INFO [ExpirationReaper-1-Fetch]: Shutting down (org.apache.kafka.server.purgatory.DelayedOperationPurgatory$ExpiredOperationReaper)
[2025-10-18 22:06:19,886] INFO [ExpirationReaper-1-Fetch]: Stopped (org.apache.kafka.server.purgatory.DelayedOperationPurgatory$ExpiredOperationReaper)
[2025-10-18 22:06:19,886] INFO [ExpirationReaper-1-Fetch]: Shutdown completed (org.apache.kafka.server.purgatory.DelayedOperationPurgatory$ExpiredOperationReaper)
[2025-10-18 22:06:19,886] INFO [ExpirationReaper-1-RemoteFetch]: Shutting down (org.apache.kafka.server.purgatory.DelayedOperationPurgatory$ExpiredOperationReaper)
[2025-10-18 22:06:19,887] INFO [ExpirationReaper-1-RemoteFetch]: Stopped (org.apache.kafka.server.purgatory.DelayedOperationPurgatory$ExpiredOperationReaper)
[2025-10-18 22:06:19,887] INFO [ExpirationReaper-1-RemoteFetch]: Shutdown completed (org.apache.kafka.server.purgatory.DelayedOperationPurgatory$ExpiredOperationReaper)
[2025-10-18 22:06:19,887] INFO [ExpirationReaper-1-RemoteListOffsets]: Shutting down (org.apache.kafka.server.purgatory.DelayedOperationPurgatory$ExpiredOperationReaper)
[2025-10-18 22:06:19,887] INFO [ExpirationReaper-1-RemoteListOffsets]: Stopped (org.apache.kafka.server.purgatory.DelayedOperationPurgatory$ExpiredOperationReaper)
[2025-10-18 22:06:19,887] INFO [ExpirationReaper-1-RemoteListOffsets]: Shutdown completed (org.apache.kafka.server.purgatory.DelayedOperationPurgatory$ExpiredOperationReaper)
[2025-10-18 22:06:19,887] INFO [ExpirationReaper-1-Produce]: Shutting down (org.apache.kafka.server.purgatory.DelayedOperationPurgatory$ExpiredOperationReaper)
[2025-10-18 22:06:19,888] INFO [ExpirationReaper-1-Produce]: Shutdown completed (org.apache.kafka.server.purgatory.DelayedOperationPurgatory$ExpiredOperationReaper)
[2025-10-18 22:06:19,888] INFO [ExpirationReaper-1-Produce]: Stopped (org.apache.kafka.server.purgatory.DelayedOperationPurgatory$ExpiredOperationReaper)
[2025-10-18 22:06:19,888] INFO [ExpirationReaper-1-DeleteRecords]: Shutting down (org.apache.kafka.server.purgatory.DelayedOperationPurgatory$ExpiredOperationReaper)
[2025-10-18 22:06:19,888] INFO [ExpirationReaper-1-DeleteRecords]: Stopped (org.apache.kafka.server.purgatory.DelayedOperationPurgatory$ExpiredOperationReaper)
[2025-10-18 22:06:19,888] INFO [ExpirationReaper-1-DeleteRecords]: Shutdown completed (org.apache.kafka.server.purgatory.DelayedOperationPurgatory$ExpiredOperationReaper)
[2025-10-18 22:06:19,888] INFO [ExpirationReaper-1-ShareFetch]: Shutting down (org.apache.kafka.server.purgatory.DelayedOperationPurgatory$ExpiredOperationReaper)
[2025-10-18 22:06:19,888] INFO [ExpirationReaper-1-ShareFetch]: Shutdown completed (org.apache.kafka.server.purgatory.DelayedOperationPurgatory$ExpiredOperationReaper)
[2025-10-18 22:06:19,888] INFO [ExpirationReaper-1-ShareFetch]: Stopped (org.apache.kafka.server.purgatory.DelayedOperationPurgatory$ExpiredOperationReaper)
[2025-10-18 22:06:19,891] INFO [AddPartitionsToTxnSenderThread-1]: Shutting down (org.apache.kafka.server.transaction.AddPartitionsToTxnManager)
[2025-10-18 22:06:19,891] INFO [AddPartitionsToTxnSenderThread-1]: Stopped (org.apache.kafka.server.transaction.AddPartitionsToTxnManager)
[2025-10-18 22:06:19,891] INFO [AddPartitionsToTxnSenderThread-1]: Shutdown completed (org.apache.kafka.server.transaction.AddPartitionsToTxnManager)
[2025-10-18 22:06:19,891] INFO [ReplicaManager broker=1] Shut down completely (kafka.server.ReplicaManager)
[2025-10-18 22:06:19,892] INFO [broker-1-to-controller-alter-partition-channel-manager]: Shutting down (kafka.server.NodeToControllerRequestThread)
[2025-10-18 22:06:19,892] INFO [broker-1-to-controller-alter-partition-channel-manager]: Shutdown completed (kafka.server.NodeToControllerRequestThread)
[2025-10-18 22:06:19,892] INFO [broker-1-to-controller-alter-partition-channel-manager]: Stopped (kafka.server.NodeToControllerRequestThread)
[2025-10-18 22:06:19,892] INFO Node to controller channel manager for alter-partition shutdown (kafka.server.NodeToControllerChannelManagerImpl)
[2025-10-18 22:06:19,893] INFO [broker-1-to-controller-forwarding-channel-manager]: Shutting down (kafka.server.NodeToControllerRequestThread)
[2025-10-18 22:06:19,893] INFO [broker-1-to-controller-forwarding-channel-manager]: Stopped (kafka.server.NodeToControllerRequestThread)
[2025-10-18 22:06:19,893] INFO [broker-1-to-controller-forwarding-channel-manager]: Shutdown completed (kafka.server.NodeToControllerRequestThread)
[2025-10-18 22:06:19,893] INFO Node to controller channel manager for forwarding shutdown (kafka.server.NodeToControllerChannelManagerImpl)
[2025-10-18 22:06:19,894] INFO Shutting down. (kafka.log.LogManager)
[2025-10-18 22:06:19,906] INFO [ProducerStateManager partition=__consumer_offsets-48] Wrote producer snapshot at offset 30 with 0 producer ids in 0 ms. (org.apache.kafka.storage.internals.log.ProducerStateManager)
[2025-10-18 22:06:19,907] INFO [ProducerStateManager partition=__consumer_offsets-4] Wrote producer snapshot at offset 23 with 0 producer ids in 0 ms. (org.apache.kafka.storage.internals.log.ProducerStateManager)
[2025-10-18 22:06:19,907] INFO [ProducerStateManager partition=topic_all_receive_test-2] Wrote producer snapshot at offset 8 with 2 producer ids in 1 ms. (org.apache.kafka.storage.internals.log.ProducerStateManager)
[2025-10-18 22:06:19,909] INFO [ProducerStateManager partition=__consumer_offsets-44] Wrote producer snapshot at offset 28 with 0 producer ids in 0 ms. (org.apache.kafka.storage.internals.log.ProducerStateManager)
[2025-10-18 22:06:19,910] INFO [ProducerStateManager partition=__consumer_offsets-47] Wrote producer snapshot at offset 9 with 0 producer ids in 0 ms. (org.apache.kafka.storage.internals.log.ProducerStateManager)
[2025-10-18 22:06:19,910] INFO [ProducerStateManager partition=topic_every_receive_test-0] Wrote producer snapshot at offset 3 with 1 producer ids in 0 ms. (org.apache.kafka.storage.internals.log.ProducerStateManager)
[2025-10-18 22:06:19,921] INFO Shutdown complete. (kafka.log.LogManager)
[2025-10-18 22:06:19,922] INFO [broker-1-ThrottledChannelReaper-Fetch]: Shutting down (kafka.server.ClientQuotaManager$ThrottledChannelReaper)
[2025-10-18 22:06:19,923] INFO [broker-1-ThrottledChannelReaper-Fetch]: Stopped (kafka.server.ClientQuotaManager$ThrottledChannelReaper)
[2025-10-18 22:06:19,923] INFO [broker-1-ThrottledChannelReaper-Fetch]: Shutdown completed (kafka.server.ClientQuotaManager$ThrottledChannelReaper)
[2025-10-18 22:06:19,923] INFO [broker-1-ThrottledChannelReaper-Produce]: Shutting down (kafka.server.ClientQuotaManager$ThrottledChannelReaper)
[2025-10-18 22:06:19,923] INFO [broker-1-ThrottledChannelReaper-Produce]: Shutdown completed (kafka.server.ClientQuotaManager$ThrottledChannelReaper)
[2025-10-18 22:06:19,923] INFO [broker-1-ThrottledChannelReaper-Produce]: Stopped (kafka.server.ClientQuotaManager$ThrottledChannelReaper)
[2025-10-18 22:06:19,923] INFO [broker-1-ThrottledChannelReaper-Request]: Shutting down (kafka.server.ClientQuotaManager$ThrottledChannelReaper)
[2025-10-18 22:06:19,923] INFO [broker-1-ThrottledChannelReaper-Request]: Stopped (kafka.server.ClientQuotaManager$ThrottledChannelReaper)
[2025-10-18 22:06:19,923] INFO [broker-1-ThrottledChannelReaper-Request]: Shutdown completed (kafka.server.ClientQuotaManager$ThrottledChannelReaper)
[2025-10-18 22:06:19,924] INFO [broker-1-ThrottledChannelReaper-ControllerMutation]: Shutting down (kafka.server.ClientQuotaManager$ThrottledChannelReaper)
[2025-10-18 22:06:19,924] INFO [broker-1-ThrottledChannelReaper-ControllerMutation]: Stopped (kafka.server.ClientQuotaManager$ThrottledChannelReaper)
[2025-10-18 22:06:19,924] INFO [broker-1-ThrottledChannelReaper-ControllerMutation]: Shutdown completed (kafka.server.ClientQuotaManager$ThrottledChannelReaper)
[2025-10-18 22:06:19,925] INFO [SocketServer listenerType=BROKER, nodeId=1] Shutting down socket server (kafka.network.SocketServer)
[2025-10-18 22:06:19,935] INFO [SocketServer listenerType=BROKER, nodeId=1] Shutdown completed (kafka.network.SocketServer)
[2025-10-18 22:06:19,935] INFO Broker and topic stats closed (org.apache.kafka.storage.log.metrics.BrokerTopicStats)
[2025-10-18 22:06:19,936] INFO [share-group-lock-timeout-reaper]: Shutting down (org.apache.kafka.server.util.timer.SystemTimerReaper$Reaper)
[2025-10-18 22:06:19,936] INFO [share-group-lock-timeout-reaper]: Shutdown completed (org.apache.kafka.server.util.timer.SystemTimerReaper$Reaper)
[2025-10-18 22:06:19,936] INFO [share-group-lock-timeout-reaper]: Stopped (org.apache.kafka.server.util.timer.SystemTimerReaper$Reaper)
[2025-10-18 22:06:19,937] INFO [PersisterStateManager]: Shutting down (org.apache.kafka.server.share.persister.PersisterStateManager$SendThread)
[2025-10-18 22:06:19,937] INFO [PersisterStateManager]: Stopped (org.apache.kafka.server.share.persister.PersisterStateManager$SendThread)
[2025-10-18 22:06:19,937] INFO [PersisterStateManager]: Shutdown completed (org.apache.kafka.server.share.persister.PersisterStateManager$SendThread)
[2025-10-18 22:06:19,938] INFO [persister-state-manager-reaper]: Shutting down (org.apache.kafka.server.util.timer.SystemTimerReaper$Reaper)
[2025-10-18 22:06:19,938] INFO [persister-state-manager-reaper]: Stopped (org.apache.kafka.server.util.timer.SystemTimerReaper$Reaper)
[2025-10-18 22:06:19,938] INFO [persister-state-manager-reaper]: Shutdown completed (org.apache.kafka.server.util.timer.SystemTimerReaper$Reaper)
[2025-10-18 22:06:19,938] INFO [BrokerLifecycleManager id=1] closed event queue. (org.apache.kafka.queue.KafkaEventQueue)
[2025-10-18 22:06:19,939] INFO [client-metrics-reaper]: Shutting down (org.apache.kafka.server.util.timer.SystemTimerReaper$Reaper)
[2025-10-18 22:06:19,939] INFO [client-metrics-reaper]: Stopped (org.apache.kafka.server.util.timer.SystemTimerReaper$Reaper)
[2025-10-18 22:06:19,939] INFO [client-metrics-reaper]: Shutdown completed (org.apache.kafka.server.util.timer.SystemTimerReaper$Reaper)
[2025-10-18 22:06:19,940] INFO [BrokerServer id=1] shut down completed (kafka.server.BrokerServer)
[2025-10-18 22:06:19,940] INFO [BrokerServer id=1] Transition from SHUTTING_DOWN to SHUTDOWN (kafka.server.BrokerServer)
[2025-10-18 22:06:19,940] INFO [ControllerServer id=1] shutting down (kafka.server.ControllerServer)
[2025-10-18 22:06:19,941] INFO [raft-expiration-reaper]: Shutting down (org.apache.kafka.raft.TimingWheelExpirationService$ExpiredOperationReaper)
[2025-10-18 22:06:19,966] INFO Terminating process due to signal SIGINT (org.apache.kafka.common.utils.LoggingSignalHandler)
[2025-10-18 22:06:20,063] INFO [raft-expiration-reaper]: Shutdown completed (org.apache.kafka.raft.TimingWheelExpirationService$ExpiredOperationReaper)
[2025-10-18 22:06:20,063] INFO [raft-expiration-reaper]: Stopped (org.apache.kafka.raft.TimingWheelExpirationService$ExpiredOperationReaper)
[2025-10-18 22:06:20,063] INFO [kafka-1-raft-io-thread]: Shutting down (org.apache.kafka.raft.KafkaRaftClientDriver)
[2025-10-18 22:06:20,063] INFO [RaftManager id=1] Beginning graceful shutdown (org.apache.kafka.raft.KafkaRaftClient)
[2025-10-18 22:06:20,064] INFO [RaftManager id=1] Graceful shutdown completed (org.apache.kafka.raft.KafkaRaftClient)
[2025-10-18 22:06:20,064] INFO [RaftManager id=1] Completed graceful shutdown of RaftClient (org.apache.kafka.raft.KafkaRaftClientDriver)
[2025-10-18 22:06:20,064] INFO [kafka-1-raft-io-thread]: Stopped (org.apache.kafka.raft.KafkaRaftClientDriver)
[2025-10-18 22:06:20,064] INFO [kafka-1-raft-io-thread]: Shutdown completed (org.apache.kafka.raft.KafkaRaftClientDriver)
[2025-10-18 22:06:20,066] INFO [kafka-1-raft-outbound-request-thread]: Shutting down (org.apache.kafka.raft.KafkaNetworkChannel$SendThread)
[2025-10-18 22:06:20,066] INFO [kafka-1-raft-outbound-request-thread]: Stopped (org.apache.kafka.raft.KafkaNetworkChannel$SendThread)
[2025-10-18 22:06:20,066] INFO [kafka-1-raft-outbound-request-thread]: Shutdown completed (org.apache.kafka.raft.KafkaNetworkChannel$SendThread)
[2025-10-18 22:06:20,066] INFO [ProducerStateManager partition=__cluster_metadata-0] Wrote producer snapshot at offset 14628 with 0 producer ids in 0 ms. (org.apache.kafka.storage.internals.log.ProducerStateManager)
[2025-10-18 22:06:20,068] INFO [ControllerRegistrationManager id=1 incarnation=_mDuKMtaSTGT1ipHnlH_GA] beginShutdown: shutting down event queue. (org.apache.kafka.queue.KafkaEventQueue)
[2025-10-18 22:06:20,069] INFO [ControllerRegistrationManager id=1 incarnation=_mDuKMtaSTGT1ipHnlH_GA] shutting down. (kafka.server.ControllerRegistrationManager)
[2025-10-18 22:06:20,069] INFO [controller-1-to-controller-registration-channel-manager]: Shutting down (kafka.server.NodeToControllerRequestThread)
[2025-10-18 22:06:20,069] INFO [controller-1-to-controller-registration-channel-manager]: Stopped (kafka.server.NodeToControllerRequestThread)
[2025-10-18 22:06:20,069] INFO [controller-1-to-controller-registration-channel-manager]: Shutdown completed (kafka.server.NodeToControllerRequestThread)
[2025-10-18 22:06:20,069] INFO Node to controller channel manager for registration shutdown (kafka.server.NodeToControllerChannelManagerImpl)
[2025-10-18 22:06:20,069] INFO [ControllerRegistrationManager id=1 incarnation=_mDuKMtaSTGT1ipHnlH_GA] closed event queue. (org.apache.kafka.queue.KafkaEventQueue)
[2025-10-18 22:06:20,069] INFO [controller-1-to-controller-registration-channel-manager]: Shutdown completed (kafka.server.NodeToControllerRequestThread)
[2025-10-18 22:06:20,069] WARN [NodeToControllerChannelManager id=1 name=registration] Attempting to close NetworkClient that has already been closed. (org.apache.kafka.clients.NetworkClient)
[2025-10-18 22:06:20,069] INFO Node to controller channel manager for registration shutdown (kafka.server.NodeToControllerChannelManagerImpl)
[2025-10-18 22:06:20,070] INFO [ControllerRegistrationManager id=1 incarnation=_mDuKMtaSTGT1ipHnlH_GA] closed event queue. (org.apache.kafka.queue.KafkaEventQueue)
[2025-10-18 22:06:20,071] INFO [SocketServer listenerType=CONTROLLER, nodeId=1] Stopping socket server request processors (kafka.network.SocketServer)
[2025-10-18 22:06:20,073] INFO [SocketServer listenerType=CONTROLLER, nodeId=1] Stopped socket server request processors (kafka.network.SocketServer)
[2025-10-18 22:06:20,073] INFO [QuorumController id=1] QuorumController#beginShutdown: shutting down event queue. (org.apache.kafka.queue.KafkaEventQueue)
[2025-10-18 22:06:20,074] INFO [SocketServer listenerType=CONTROLLER, nodeId=1] Shutting down socket server (kafka.network.SocketServer)
[2025-10-18 22:06:20,078] INFO [SocketServer listenerType=CONTROLLER, nodeId=1] Shutdown completed (kafka.network.SocketServer)
[2025-10-18 22:06:20,079] INFO [data-plane Kafka Request Handler on Controller 1] shutting down (kafka.server.KafkaRequestHandlerPool)
[2025-10-18 22:06:20,079] INFO [data-plane Kafka Request Handler on Controller 1] shut down completely (kafka.server.KafkaRequestHandlerPool)
[2025-10-18 22:06:20,080] INFO [ExpirationReaper-1-AlterAcls]: Shutting down (org.apache.kafka.server.purgatory.DelayedOperationPurgatory$ExpiredOperationReaper)
[2025-10-18 22:06:20,080] INFO [ExpirationReaper-1-AlterAcls]: Stopped (org.apache.kafka.server.purgatory.DelayedOperationPurgatory$ExpiredOperationReaper)
[2025-10-18 22:06:20,080] INFO [ExpirationReaper-1-AlterAcls]: Shutdown completed (org.apache.kafka.server.purgatory.DelayedOperationPurgatory$ExpiredOperationReaper)
[2025-10-18 22:06:20,080] INFO [controller-1-ThrottledChannelReaper-Fetch]: Shutting down (kafka.server.ClientQuotaManager$ThrottledChannelReaper)
[2025-10-18 22:06:20,080] INFO [controller-1-ThrottledChannelReaper-Fetch]: Stopped (kafka.server.ClientQuotaManager$ThrottledChannelReaper)
[2025-10-18 22:06:20,081] INFO [controller-1-ThrottledChannelReaper-Fetch]: Shutdown completed (kafka.server.ClientQuotaManager$ThrottledChannelReaper)
[2025-10-18 22:06:20,081] INFO [controller-1-ThrottledChannelReaper-Produce]: Shutting down (kafka.server.ClientQuotaManager$ThrottledChannelReaper)
[2025-10-18 22:06:20,081] INFO [controller-1-ThrottledChannelReaper-Produce]: Stopped (kafka.server.ClientQuotaManager$ThrottledChannelReaper)
[2025-10-18 22:06:20,081] INFO [controller-1-ThrottledChannelReaper-Produce]: Shutdown completed (kafka.server.ClientQuotaManager$ThrottledChannelReaper)
[2025-10-18 22:06:20,081] INFO [controller-1-ThrottledChannelReaper-Request]: Shutting down (kafka.server.ClientQuotaManager$ThrottledChannelReaper)
[2025-10-18 22:06:20,081] INFO [controller-1-ThrottledChannelReaper-Request]: Shutdown completed (kafka.server.ClientQuotaManager$ThrottledChannelReaper)
[2025-10-18 22:06:20,081] INFO [controller-1-ThrottledChannelReaper-Request]: Stopped (kafka.server.ClientQuotaManager$ThrottledChannelReaper)
[2025-10-18 22:06:20,081] INFO [controller-1-ThrottledChannelReaper-ControllerMutation]: Shutting down (kafka.server.ClientQuotaManager$ThrottledChannelReaper)
[2025-10-18 22:06:20,081] INFO [controller-1-ThrottledChannelReaper-ControllerMutation]: Shutdown completed (kafka.server.ClientQuotaManager$ThrottledChannelReaper)
[2025-10-18 22:06:20,081] INFO [QuorumController id=1] closed event queue. (org.apache.kafka.queue.KafkaEventQueue)
[2025-10-18 22:06:20,082] INFO [SharedServer id=1] Stopping SharedServer (kafka.server.SharedServer)
[2025-10-18 22:06:20,082] INFO [MetadataLoader id=1] beginShutdown: shutting down event queue. (org.apache.kafka.queue.KafkaEventQueue)
[2025-10-18 22:06:20,083] INFO [SnapshotGenerator id=1] close: shutting down event queue. (org.apache.kafka.queue.KafkaEventQueue)
[2025-10-18 22:06:20,083] INFO [controller-1-ThrottledChannelReaper-ControllerMutation]: Stopped (kafka.server.ClientQuotaManager$ThrottledChannelReaper)
[2025-10-18 22:06:20,083] INFO [SnapshotGenerator id=1] closed event queue. (org.apache.kafka.queue.KafkaEventQueue)
[2025-10-18 22:06:20,083] INFO [MetadataLoader id=1] closed event queue. (org.apache.kafka.queue.KafkaEventQueue)
[2025-10-18 22:06:20,083] INFO [SnapshotGenerator id=1] closed event queue. (org.apache.kafka.queue.KafkaEventQueue)
[2025-10-18 22:06:20,083] INFO Metrics scheduler closed (org.apache.kafka.common.metrics.Metrics)
[2025-10-18 22:06:20,084] INFO Closing reporter org.apache.kafka.common.metrics.JmxReporter (org.apache.kafka.common.metrics.Metrics)
[2025-10-18 22:06:20,084] INFO Metrics reporters closed (org.apache.kafka.common.metrics.Metrics)
[2025-10-18 22:06:20,084] INFO App info kafka.server for 1 unregistered (org.apache.kafka.common.utils.AppInfoParser)
[2025-10-18 22:06:20,085] INFO App info kafka.server for 1 unregistered (org.apache.kafka.common.utils.AppInfoParser)
