[2025-10-18 22:06:19,770] INFO [Broker id=1] Transitioning 68 partition(s) to local followers. (state.change.logger)
[2025-10-18 22:06:19,771] INFO [Broker id=1] Follower __consumer_offsets-13 starts at leader epoch 3 from offset 0 with partition epoch 3 and high watermark 0. Current leader is -1. Previous leader Some(-1) and previous leader epoch was 3. (state.change.logger)
[2025-10-18 22:06:19,771] INFO [Broker id=1] Follower __consumer_offsets-46 starts at leader epoch 3 from offset 0 with partition epoch 3 and high watermark 0. Current leader is -1. Previous leader Some(-1) and previous leader epoch was 3. (state.change.logger)
[2025-10-18 22:06:19,771] INFO [Broker id=1] Follower __consumer_offsets-9 starts at leader epoch 3 from offset 0 with partition epoch 3 and high watermark 0. Current leader is -1. Previous leader Some(-1) and previous leader epoch was 3. (state.change.logger)
[2025-10-18 22:06:19,771] INFO [Broker id=1] Follower __consumer_offsets-42 starts at leader epoch 3 from offset 0 with partition epoch 3 and high watermark 0. Current leader is -1. Previous leader Some(-1) and previous leader epoch was 3. (state.change.logger)
[2025-10-18 22:06:19,771] INFO [Broker id=1] Follower __consumer_offsets-21 starts at leader epoch 3 from offset 0 with partition epoch 3 and high watermark 0. Current leader is -1. Previous leader Some(-1) and previous leader epoch was 3. (state.change.logger)
[2025-10-18 22:06:19,772] INFO [Broker id=1] Follower topic_all_receive_test-0 starts at leader epoch 3 from offset 0 with partition epoch 3 and high watermark 0. Current leader is -1. Previous leader Some(-1) and previous leader epoch was 3. (state.change.logger)
[2025-10-18 22:06:19,772] INFO [Broker id=1] Follower __consumer_offsets-17 starts at leader epoch 3 from offset 4 with partition epoch 3 and high watermark 4. Current leader is -1. Previous leader Some(-1) and previous leader epoch was 3. (state.change.logger)
[2025-10-18 22:06:19,772] INFO [Broker id=1] Follower __consumer_offsets-30 starts at leader epoch 3 from offset 0 with partition epoch 3 and high watermark 0. Current leader is -1. Previous leader Some(-1) and previous leader epoch was 3. (state.change.logger)
[2025-10-18 22:06:19,772] INFO [Broker id=1] Follower __consumer_offsets-26 starts at leader epoch 3 from offset 0 with partition epoch 3 and high watermark 0. Current leader is -1. Previous leader Some(-1) and previous leader epoch was 3. (state.change.logger)
[2025-10-18 22:06:19,772] INFO [Broker id=1] Follower __consumer_offsets-5 starts at leader epoch 3 from offset 0 with partition epoch 3 and high watermark 0. Current leader is -1. Previous leader Some(-1) and previous leader epoch was 3. (state.change.logger)
[2025-10-18 22:06:19,772] INFO [Broker id=1] Follower __consumer_offsets-38 starts at leader epoch 3 from offset 0 with partition epoch 3 and high watermark 0. Current leader is -1. Previous leader Some(-1) and previous leader epoch was 3. (state.change.logger)
[2025-10-18 22:06:19,772] INFO [Broker id=1] Follower __consumer_offsets-1 starts at leader epoch 3 from offset 0 with partition epoch 3 and high watermark 0. Current leader is -1. Previous leader Some(-1) and previous leader epoch was 3. (state.change.logger)
[2025-10-18 22:06:19,772] INFO [Broker id=1] Follower __consumer_offsets-34 starts at leader epoch 3 from offset 0 with partition epoch 3 and high watermark 0. Current leader is -1. Previous leader Some(-1) and previous leader epoch was 3. (state.change.logger)
[2025-10-18 22:06:19,772] INFO [Broker id=1] Follower quickstart-events-2 starts at leader epoch 3 from offset 0 with partition epoch 3 and high watermark 0. Current leader is -1. Previous leader Some(-1) and previous leader epoch was 3. (state.change.logger)
[2025-10-18 22:06:19,772] INFO [Broker id=1] Follower __consumer_offsets-16 starts at leader epoch 3 from offset 0 with partition epoch 3 and high watermark 0. Current leader is -1. Previous leader Some(-1) and previous leader epoch was 3. (state.change.logger)
[2025-10-18 22:06:19,772] INFO [Broker id=1] Follower __consumer_offsets-45 starts at leader epoch 3 from offset 0 with partition epoch 3 and high watermark 0. Current leader is -1. Previous leader Some(-1) and previous leader epoch was 3. (state.change.logger)
[2025-10-18 22:06:19,772] INFO [Broker id=1] Follower __consumer_offsets-12 starts at leader epoch 3 from offset 0 with partition epoch 3 and high watermark 0. Current leader is -1. Previous leader Some(-1) and previous leader epoch was 3. (state.change.logger)
[2025-10-18 22:06:19,772] INFO [Broker id=1] Follower __consumer_offsets-41 starts at leader epoch 3 from offset 0 with partition epoch 3 and high watermark 0. Current leader is -1. Previous leader Some(-1) and previous leader epoch was 3. (state.change.logger)
[2025-10-18 22:06:19,772] INFO [Broker id=1] Follower receive-0 starts at leader epoch 3 from offset 0 with partition epoch 3 and high watermark 0. Current leader is -1. Previous leader Some(-1) and previous leader epoch was 3. (state.change.logger)
[2025-10-18 22:06:19,772] INFO [Broker id=1] Follower __consumer_offsets-24 starts at leader epoch 3 from offset 0 with partition epoch 3 and high watermark 0. Current leader is -1. Previous leader Some(-1) and previous leader epoch was 3. (state.change.logger)
[2025-10-18 22:06:19,772] INFO [Broker id=1] Follower topic_all_receive_test-1 starts at leader epoch 3 from offset 0 with partition epoch 3 and high watermark 0. Current leader is -1. Previous leader Some(-1) and previous leader epoch was 3. (state.change.logger)
[2025-10-18 22:06:19,772] INFO [Broker id=1] Follower __consumer_offsets-20 starts at leader epoch 3 from offset 0 with partition epoch 3 and high watermark 0. Current leader is -1. Previous leader Some(-1) and previous leader epoch was 3. (state.change.logger)
[2025-10-18 22:06:19,772] INFO [Broker id=1] Follower __consumer_offsets-49 starts at leader epoch 3 from offset 4 with partition epoch 3 and high watermark 4. Current leader is -1. Previous leader Some(-1) and previous leader epoch was 3. (state.change.logger)
[2025-10-18 22:06:19,772] INFO [Broker id=1] Follower receive_test-0 starts at leader epoch 3 from offset 0 with partition epoch 3 and high watermark 0. Current leader is -1. Previous leader Some(-1) and previous leader epoch was 3. (state.change.logger)
[2025-10-18 22:06:19,773] INFO [Broker id=1] Follower __consumer_offsets-0 starts at leader epoch 3 from offset 0 with partition epoch 3 and high watermark 0. Current leader is -1. Previous leader Some(-1) and previous leader epoch was 3. (state.change.logger)
[2025-10-18 22:06:19,773] INFO [Broker id=1] Follower __consumer_offsets-29 starts at leader epoch 3 from offset 0 with partition epoch 3 and high watermark 0. Current leader is -1. Previous leader Some(-1) and previous leader epoch was 3. (state.change.logger)
[2025-10-18 22:06:19,773] INFO [Broker id=1] Follower topic_every_receive_test-0 starts at leader epoch 1 from offset 3 with partition epoch 1 and high watermark 3. Current leader is -1. Previous leader Some(-1) and previous leader epoch was 1. (state.change.logger)
[2025-10-18 22:06:19,773] INFO [Broker id=1] Follower __consumer_offsets-25 starts at leader epoch 3 from offset 0 with partition epoch 3 and high watermark 0. Current leader is -1. Previous leader Some(-1) and previous leader epoch was 3. (state.change.logger)
[2025-10-18 22:06:19,773] INFO [Broker id=1] Follower __consumer_offsets-8 starts at leader epoch 3 from offset 8 with partition epoch 3 and high watermark 8. Current leader is -1. Previous leader Some(-1) and previous leader epoch was 3. (state.change.logger)
[2025-10-18 22:06:19,773] INFO [Broker id=1] Follower __consumer_offsets-37 starts at leader epoch 3 from offset 0 with partition epoch 3 and high watermark 0. Current leader is -1. Previous leader Some(-1) and previous leader epoch was 3. (state.change.logger)
[2025-10-18 22:06:19,773] INFO [Broker id=1] Follower __consumer_offsets-4 starts at leader epoch 3 from offset 23 with partition epoch 3 and high watermark 23. Current leader is -1. Previous leader Some(-1) and previous leader epoch was 3. (state.change.logger)
[2025-10-18 22:06:19,773] INFO [Broker id=1] Follower __consumer_offsets-33 starts at leader epoch 3 from offset 0 with partition epoch 3 and high watermark 0. Current leader is -1. Previous leader Some(-1) and previous leader epoch was 3. (state.change.logger)
[2025-10-18 22:06:19,773] INFO [Broker id=1] Follower __consumer_offsets-15 starts at leader epoch 3 from offset 0 with partition epoch 3 and high watermark 0. Current leader is -1. Previous leader Some(-1) and previous leader epoch was 3. (state.change.logger)
[2025-10-18 22:06:19,773] INFO [Broker id=1] Follower __consumer_offsets-48 starts at leader epoch 3 from offset 30 with partition epoch 3 and high watermark 30. Current leader is -1. Previous leader Some(-1) and previous leader epoch was 3. (state.change.logger)
[2025-10-18 22:06:19,773] INFO [Broker id=1] Follower quickstart-events-1 starts at leader epoch 3 from offset 3 with partition epoch 3 and high watermark 3. Current leader is -1. Previous leader Some(-1) and previous leader epoch was 3. (state.change.logger)
[2025-10-18 22:06:19,773] INFO [Broker id=1] Follower receive-1 starts at leader epoch 3 from offset 0 with partition epoch 3 and high watermark 0. Current leader is -1. Previous leader Some(-1) and previous leader epoch was 3. (state.change.logger)
[2025-10-18 22:06:19,773] INFO [Broker id=1] Follower __consumer_offsets-11 starts at leader epoch 3 from offset 0 with partition epoch 3 and high watermark 0. Current leader is -1. Previous leader Some(-1) and previous leader epoch was 3. (state.change.logger)
[2025-10-18 22:06:19,774] INFO [Broker id=1] Follower __consumer_offsets-44 starts at leader epoch 3 from offset 28 with partition epoch 3 and high watermark 28. Current leader is -1. Previous leader Some(-1) and previous leader epoch was 3. (state.change.logger)
[2025-10-18 22:06:19,774] INFO [Broker id=1] Follower __consumer_offsets-23 starts at leader epoch 3 from offset 0 with partition epoch 3 and high watermark 0. Current leader is -1. Previous leader Some(-1) and previous leader epoch was 3. (state.change.logger)
[2025-10-18 22:06:19,774] INFO [Broker id=1] Follower __consumer_offsets-19 starts at leader epoch 3 from offset 0 with partition epoch 3 and high watermark 0. Current leader is -1. Previous leader Some(-1) and previous leader epoch was 3. (state.change.logger)
[2025-10-18 22:06:19,774] INFO [Broker id=1] Follower topic_all_receive_test-2 starts at leader epoch 3 from offset 8 with partition epoch 3 and high watermark 8. Current leader is -1. Previous leader Some(-1) and previous leader epoch was 3. (state.change.logger)
[2025-10-18 22:06:19,774] INFO [Broker id=1] Follower receive_test-1 starts at leader epoch 3 from offset 0 with partition epoch 3 and high watermark 0. Current leader is -1. Previous leader Some(-1) and previous leader epoch was 3. (state.change.logger)
[2025-10-18 22:06:19,774] INFO [Broker id=1] Follower __consumer_offsets-32 starts at leader epoch 3 from offset 0 with partition epoch 3 and high watermark 0. Current leader is -1. Previous leader Some(-1) and previous leader epoch was 3. (state.change.logger)
[2025-10-18 22:06:19,774] INFO [Broker id=1] Follower topic_every_receive_test-1 starts at leader epoch 1 from offset 0 with partition epoch 1 and high watermark 0. Current leader is -1. Previous leader Some(-1) and previous leader epoch was 1. (state.change.logger)
[2025-10-18 22:06:19,774] INFO [Broker id=1] Follower __consumer_offsets-28 starts at leader epoch 3 from offset 0 with partition epoch 3 and high watermark 0. Current leader is -1. Previous leader Some(-1) and previous leader epoch was 3. (state.change.logger)
[2025-10-18 22:06:19,774] INFO [Broker id=1] Follower __consumer_offsets-7 starts at leader epoch 3 from offset 0 with partition epoch 3 and high watermark 0. Current leader is -1. Previous leader Some(-1) and previous leader epoch was 3. (state.change.logger)
[2025-10-18 22:06:19,774] INFO [Broker id=1] Follower __consumer_offsets-40 starts at leader epoch 3 from offset 0 with partition epoch 3 and high watermark 0. Current leader is -1. Previous leader Some(-1) and previous leader epoch was 3. (state.change.logger)
[2025-10-18 22:06:19,774] INFO [Broker id=1] Follower __consumer_offsets-3 starts at leader epoch 3 from offset 0 with partition epoch 3 and high watermark 0. Current leader is -1. Previous leader Some(-1) and previous leader epoch was 3. (state.change.logger)
[2025-10-18 22:06:19,774] INFO [Broker id=1] Follower __consumer_offsets-36 starts at leader epoch 3 from offset 0 with partition epoch 3 and high watermark 0. Current leader is -1. Previous leader Some(-1) and previous leader epoch was 3. (state.change.logger)
[2025-10-18 22:06:19,775] INFO [Broker id=1] Follower __consumer_offsets-47 starts at leader epoch 3 from offset 9 with partition epoch 3 and high watermark 9. Current leader is -1. Previous leader Some(-1) and previous leader epoch was 3. (state.change.logger)
[2025-10-18 22:06:19,775] INFO [Broker id=1] Follower receive-2 starts at leader epoch 3 from offset 0 with partition epoch 3 and high watermark 0. Current leader is -1. Previous leader Some(-1) and previous leader epoch was 3. (state.change.logger)
[2025-10-18 22:06:19,775] INFO [Broker id=1] Follower quickstart-events-0 starts at leader epoch 3 from offset 0 with partition epoch 3 and high watermark 0. Current leader is -1. Previous leader Some(-1) and previous leader epoch was 3. (state.change.logger)
[2025-10-18 22:06:19,775] INFO [Broker id=1] Follower __consumer_offsets-14 starts at leader epoch 3 from offset 0 with partition epoch 3 and high watermark 0. Current leader is -1. Previous leader Some(-1) and previous leader epoch was 3. (state.change.logger)
[2025-10-18 22:06:19,775] INFO [Broker id=1] Follower __consumer_offsets-43 starts at leader epoch 3 from offset 0 with partition epoch 3 and high watermark 0. Current leader is -1. Previous leader Some(-1) and previous leader epoch was 3. (state.change.logger)
[2025-10-18 22:06:19,775] INFO [Broker id=1] Follower __consumer_offsets-10 starts at leader epoch 3 from offset 0 with partition epoch 3 and high watermark 0. Current leader is -1. Previous leader Some(-1) and previous leader epoch was 3. (state.change.logger)
[2025-10-18 22:06:19,775] INFO [Broker id=1] Follower __consumer_offsets-22 starts at leader epoch 3 from offset 0 with partition epoch 3 and high watermark 0. Current leader is -1. Previous leader Some(-1) and previous leader epoch was 3. (state.change.logger)
[2025-10-18 22:06:19,775] INFO [Broker id=1] Follower receive_test-2 starts at leader epoch 3 from offset 0 with partition epoch 3 and high watermark 0. Current leader is -1. Previous leader Some(-1) and previous leader epoch was 3. (state.change.logger)
[2025-10-18 22:06:19,775] INFO [Broker id=1] Follower __consumer_offsets-18 starts at leader epoch 3 from offset 0 with partition epoch 3 and high watermark 0. Current leader is -1. Previous leader Some(-1) and previous leader epoch was 3. (state.change.logger)
[2025-10-18 22:06:19,775] INFO [Broker id=1] Follower __consumer_offsets-31 starts at leader epoch 3 from offset 0 with partition epoch 3 and high watermark 0. Current leader is -1. Previous leader Some(-1) and previous leader epoch was 3. (state.change.logger)
[2025-10-18 22:06:19,775] INFO [Broker id=1] Follower __consumer_offsets-27 starts at leader epoch 3 from offset 0 with partition epoch 3 and high watermark 0. Current leader is -1. Previous leader Some(-1) and previous leader epoch was 3. (state.change.logger)
[2025-10-18 22:06:19,775] INFO [Broker id=1] Follower topic_every_receive_test-2 starts at leader epoch 1 from offset 0 with partition epoch 1 and high watermark 0. Current leader is -1. Previous leader Some(-1) and previous leader epoch was 1. (state.change.logger)
[2025-10-18 22:06:19,775] INFO [Broker id=1] Follower __consumer_offsets-39 starts at leader epoch 3 from offset 0 with partition epoch 3 and high watermark 0. Current leader is -1. Previous leader Some(-1) and previous leader epoch was 3. (state.change.logger)
[2025-10-18 22:06:19,776] INFO [Broker id=1] Follower __consumer_offsets-6 starts at leader epoch 3 from offset 0 with partition epoch 3 and high watermark 0. Current leader is -1. Previous leader Some(-1) and previous leader epoch was 3. (state.change.logger)
[2025-10-18 22:06:19,776] INFO [Broker id=1] Follower __consumer_offsets-35 starts at leader epoch 3 from offset 0 with partition epoch 3 and high watermark 0. Current leader is -1. Previous leader Some(-1) and previous leader epoch was 3. (state.change.logger)
[2025-10-18 22:06:19,776] INFO [Broker id=1] Follower failure-topic-0 starts at leader epoch 3 from offset 0 with partition epoch 3 and high watermark 0. Current leader is -1. Previous leader Some(-1) and previous leader epoch was 3. (state.change.logger)
[2025-10-18 22:06:19,776] INFO [Broker id=1] Follower message-topic-0 starts at leader epoch 3 from offset 0 with partition epoch 3 and high watermark 0. Current leader is -1. Previous leader Some(-1) and previous leader epoch was 3. (state.change.logger)
[2025-10-18 22:06:19,776] INFO [Broker id=1] Follower success-topic-0 starts at leader epoch 3 from offset 0 with partition epoch 3 and high watermark 0. Current leader is -1. Previous leader Some(-1) and previous leader epoch was 3. (state.change.logger)
[2025-10-18 22:06:19,776] INFO [Broker id=1] Follower __consumer_offsets-2 starts at leader epoch 3 from offset 0 with partition epoch 3 and high watermark 0. Current leader is -1. Previous leader Some(-1) and previous leader epoch was 3. (state.change.logger)
[2025-10-18 22:06:19,781] INFO [Broker id=1] Stopped fetchers as part of controlled shutdown for 68 partitions (state.change.logger)
